This file contains any messages produced by compilers while
running configure, to aid debugging if configure makes a mistake.

It was created by configure, which was
generated by GNU Autoconf 2.68.  Invocation command line was

  $ ./configure 

## --------- ##
## Platform. ##
## --------- ##

hostname = aziem-ThinkPad-X200s
uname -m = x86_64
uname -r = 3.0.0-12-generic
uname -s = Linux
uname -v = #20-Ubuntu SMP Fri Oct 7 14:56:25 UTC 2011

/usr/bin/uname -p = unknown
/bin/uname -X     = unknown

/bin/arch              = unknown
/usr/bin/arch -k       = unknown
/usr/convex/getsysinfo = unknown
/usr/bin/hostinfo      = unknown
/bin/machine           = unknown
/usr/bin/oslevel       = unknown
/bin/universe          = unknown

PATH: /usr/local/sbin
PATH: /usr/local/bin
PATH: /usr/sbin
PATH: /usr/bin
PATH: /sbin
PATH: /bin
PATH: /usr/games


## ----------- ##
## Core tests. ##
## ----------- ##

configure:2234: checking for gcc
configure:2250: found /usr/bin/gcc
configure:2261: result: gcc
configure:2490: checking for C compiler version
configure:2499: gcc --version >&5
gcc (Ubuntu/Linaro 4.6.1-9ubuntu3) 4.6.1
Copyright (C) 2011 Free Software Foundation, Inc.
This is free software; see the source for copying conditions.  There is NO
warranty; not even for MERCHANTABILITY or FITNESS FOR A PARTICULAR PURPOSE.

configure:2510: $? = 0
configure:2499: gcc -v >&5
Using built-in specs.
COLLECT_GCC=gcc
COLLECT_LTO_WRAPPER=/usr/lib/gcc/x86_64-linux-gnu/4.6.1/lto-wrapper
Target: x86_64-linux-gnu
Configured with: ../src/configure -v --with-pkgversion='Ubuntu/Linaro 4.6.1-9ubuntu3' --with-bugurl=file:///usr/share/doc/gcc-4.6/README.Bugs --enable-languages=c,c++,fortran,objc,obj-c++,go --prefix=/usr --program-suffix=-4.6 --enable-shared --enable-linker-build-id --with-system-zlib --libexecdir=/usr/lib --without-included-gettext --enable-threads=posix --with-gxx-include-dir=/usr/include/c++/4.6 --libdir=/usr/lib --enable-nls --with-sysroot=/ --enable-clocale=gnu --enable-libstdcxx-debug --enable-libstdcxx-time=yes --enable-plugin --enable-objc-gc --disable-werror --with-arch-32=i686 --with-tune=generic --enable-checking=release --build=x86_64-linux-gnu --host=x86_64-linux-gnu --target=x86_64-linux-gnu
Thread model: posix
gcc version 4.6.1 (Ubuntu/Linaro 4.6.1-9ubuntu3) 
configure:2510: $? = 0
configure:2499: gcc -V >&5
gcc: error: unrecognized option '-V'
gcc: fatal error: no input files
compilation terminated.
configure:2510: $? = 4
configure:2499: gcc -qversion >&5
gcc: error: unrecognized option '-qversion'
gcc: fatal error: no input files
compilation terminated.
configure:2510: $? = 4
configure:2530: checking whether the C compiler works
configure:2552: gcc    conftest.c  >&5
configure:2556: $? = 0
configure:2604: result: yes
configure:2607: checking for C compiler default output file name
configure:2609: result: a.out
configure:2615: checking for suffix of executables
configure:2622: gcc -o conftest    conftest.c  >&5
configure:2626: $? = 0
configure:2648: result: 
configure:2670: checking whether we are cross compiling
configure:2678: gcc -o conftest    conftest.c  >&5
configure:2682: $? = 0
configure:2689: ./conftest
configure:2693: $? = 0
configure:2708: result: no
configure:2713: checking for suffix of object files
configure:2735: gcc -c   conftest.c >&5
configure:2739: $? = 0
configure:2760: result: o
configure:2764: checking whether we are using the GNU C compiler
configure:2783: gcc -c   conftest.c >&5
configure:2783: $? = 0
configure:2792: result: yes
configure:2801: checking whether gcc accepts -g
configure:2821: gcc -c -g  conftest.c >&5
configure:2821: $? = 0
configure:2862: result: yes
configure:2879: checking for gcc option to accept ISO C89
configure:2943: gcc  -c -g -O2  conftest.c >&5
configure:2943: $? = 0
configure:2956: result: none needed
configure:3020: checking for a BSD-compatible install
configure:3088: result: /usr/bin/install -c
configure:3107: checking build system type
configure:3121: result: x86_64-unknown-linux-gnu
configure:3141: checking host system type
configure:3154: result: x86_64-unknown-linux-gnu
configure:3174: checking target system type
configure:3187: result: x86_64-unknown-linux-gnu
configure:3249: checking for msvc cl.exe (optional)
configure:3264: result: not found
configure:3288: checking ocaml version is at least 3.08
configure:3305: result: version is 3.12.0, ok
configure:3329: checking existence of related ocaml tools
configure:3335: result: ok
configure:3358: checking for Perl
configure:3406: result: found version 5.012004, port linux
configure:3475: checking for gcc version
configure:3483: checking how to run the C preprocessor
configure:3514: gcc -E  conftest.c
configure:3514: $? = 0
configure:3528: gcc -E  conftest.c
conftest.c:9:28: fatal error: ac_nonexistent.h: No such file or directory
compilation terminated.
configure:3528: $? = 1
configure: failed program was:
| /* confdefs.h */
| #define PACKAGE_NAME ""
| #define PACKAGE_TARNAME ""
| #define PACKAGE_VERSION ""
| #define PACKAGE_STRING ""
| #define PACKAGE_BUGREPORT ""
| #define PACKAGE_URL ""
| /* end confdefs.h.  */
| #include <ac_nonexistent.h>
configure:3553: result: gcc -E
configure:3573: gcc -E  conftest.c
configure:3573: $? = 0
configure:3587: gcc -E  conftest.c
conftest.c:9:28: fatal error: ac_nonexistent.h: No such file or directory
compilation terminated.
configure:3587: $? = 1
configure: failed program was:
| /* confdefs.h */
| #define PACKAGE_NAME ""
| #define PACKAGE_TARNAME ""
| #define PACKAGE_VERSION ""
| #define PACKAGE_STRING ""
| #define PACKAGE_BUGREPORT ""
| #define PACKAGE_URL ""
| /* end confdefs.h.  */
| #include <ac_nonexistent.h>
configure:3616: checking for grep that handles long lines and -e
configure:3674: result: /bin/grep
configure:3679: checking for egrep
configure:3741: result: /bin/grep -E
configure:3746: checking for ANSI C header files
configure:3766: gcc -c -g -O2  conftest.c >&5
configure:3766: $? = 0
configure:3839: gcc -o conftest -g -O2   conftest.c  >&5
configure:3839: $? = 0
configure:3839: ./conftest
configure:3839: $? = 0
configure:3850: result: yes
configure:3863: checking for sys/types.h
configure:3863: gcc -c -g -O2  conftest.c >&5
configure:3863: $? = 0
configure:3863: result: yes
configure:3863: checking for sys/stat.h
configure:3863: gcc -c -g -O2  conftest.c >&5
configure:3863: $? = 0
configure:3863: result: yes
configure:3863: checking for stdlib.h
configure:3863: gcc -c -g -O2  conftest.c >&5
configure:3863: $? = 0
configure:3863: result: yes
configure:3863: checking for string.h
configure:3863: gcc -c -g -O2  conftest.c >&5
configure:3863: $? = 0
configure:3863: result: yes
configure:3863: checking for memory.h
configure:3863: gcc -c -g -O2  conftest.c >&5
configure:3863: $? = 0
configure:3863: result: yes
configure:3863: checking for strings.h
configure:3863: gcc -c -g -O2  conftest.c >&5
configure:3863: $? = 0
configure:3863: result: yes
configure:3863: checking for inttypes.h
configure:3863: gcc -c -g -O2  conftest.c >&5
configure:3863: $? = 0
configure:3863: result: yes
configure:3863: checking for stdint.h
configure:3863: gcc -c -g -O2  conftest.c >&5
configure:3863: $? = 0
configure:3863: result: yes
configure:3863: checking for unistd.h
configure:3863: gcc -c -g -O2  conftest.c >&5
configure:3863: $? = 0
configure:3863: result: yes
configure:3875: checking for __builtin_va_list
configure:3875: gcc -c -g -O2  conftest.c >&5
configure:3875: $? = 0
configure:3875: gcc -c -g -O2  conftest.c >&5
conftest.c: In function 'main':
conftest.c:55:32: error: expected expression before ')' token
configure:3875: $? = 1
configure: failed program was:
| /* confdefs.h */
| #define PACKAGE_NAME ""
| #define PACKAGE_TARNAME ""
| #define PACKAGE_VERSION ""
| #define PACKAGE_STRING ""
| #define PACKAGE_BUGREPORT ""
| #define PACKAGE_URL ""
| #define STDC_HEADERS 1
| #define HAVE_SYS_TYPES_H 1
| #define HAVE_SYS_STAT_H 1
| #define HAVE_STDLIB_H 1
| #define HAVE_STRING_H 1
| #define HAVE_MEMORY_H 1
| #define HAVE_STRINGS_H 1
| #define HAVE_INTTYPES_H 1
| #define HAVE_STDINT_H 1
| #define HAVE_UNISTD_H 1
| /* end confdefs.h.  */
| #include <stdio.h>
| #ifdef HAVE_SYS_TYPES_H
| # include <sys/types.h>
| #endif
| #ifdef HAVE_SYS_STAT_H
| # include <sys/stat.h>
| #endif
| #ifdef STDC_HEADERS
| # include <stdlib.h>
| # include <stddef.h>
| #else
| # ifdef HAVE_STDLIB_H
| #  include <stdlib.h>
| # endif
| #endif
| #ifdef HAVE_STRING_H
| # if !defined STDC_HEADERS && defined HAVE_MEMORY_H
| #  include <memory.h>
| # endif
| # include <string.h>
| #endif
| #ifdef HAVE_STRINGS_H
| # include <strings.h>
| #endif
| #ifdef HAVE_INTTYPES_H
| # include <inttypes.h>
| #endif
| #ifdef HAVE_STDINT_H
| # include <stdint.h>
| #endif
| #ifdef HAVE_UNISTD_H
| # include <unistd.h>
| #endif
| int
| main ()
| {
| if (sizeof ((__builtin_va_list)))
| 	    return 0;
|   ;
|   return 0;
| }
configure:3875: result: yes
configure:3882: checking if __thread is a keyword
configure:3888: gcc -c -g -O2  conftest.c >&5
conftest.c:19:1: error: storage class specified for unnamed parameter
conftest.c: In function 'main':
conftest.c:19:1: error: parameter name omitted
configure:3888: $? = 1
configure: failed program was:
| /* confdefs.h */
| #define PACKAGE_NAME ""
| #define PACKAGE_TARNAME ""
| #define PACKAGE_VERSION ""
| #define PACKAGE_STRING ""
| #define PACKAGE_BUGREPORT ""
| #define PACKAGE_URL ""
| #define STDC_HEADERS 1
| #define HAVE_SYS_TYPES_H 1
| #define HAVE_SYS_STAT_H 1
| #define HAVE_STDLIB_H 1
| #define HAVE_STRING_H 1
| #define HAVE_MEMORY_H 1
| #define HAVE_STRINGS_H 1
| #define HAVE_INTTYPES_H 1
| #define HAVE_STDINT_H 1
| #define HAVE_UNISTD_H 1
| /* end confdefs.h.  */
| int main(int __thread) { return 0; }
configure:3894: result: true
configure:3899: checking if gcc adds underscores to assembly labels.
configure:3905: gcc -o conftest -g -O2   conftest.c  >&5
/tmp/ccN9P3N5.o: In function `main':
/home/aziem/work/qm/esop-tool/cil/conftest.c:19: undefined reference to `_main'
collect2: ld returned 1 exit status
configure:3905: $? = 1
configure: failed program was:
| /* confdefs.h */
| #define PACKAGE_NAME ""
| #define PACKAGE_TARNAME ""
| #define PACKAGE_VERSION ""
| #define PACKAGE_STRING ""
| #define PACKAGE_BUGREPORT ""
| #define PACKAGE_URL ""
| #define STDC_HEADERS 1
| #define HAVE_SYS_TYPES_H 1
| #define HAVE_SYS_STAT_H 1
| #define HAVE_STDLIB_H 1
| #define HAVE_STRING_H 1
| #define HAVE_MEMORY_H 1
| #define HAVE_STRINGS_H 1
| #define HAVE_INTTYPES_H 1
| #define HAVE_STDINT_H 1
| #define HAVE_UNISTD_H 1
| /* end confdefs.h.  */
| int main() { __asm__("jmp _main"); }
configure:3912: result: false
configure:3920: checking for ANSI C header files
configure:4024: result: yes
configure:4035: checking for stdlib.h
configure:4035: result: yes
configure:4035: checking for strings.h
configure:4035: result: yes
configure:4035: checking sys/time.h usability
configure:4035: gcc -c -g -O2  conftest.c >&5
configure:4035: $? = 0
configure:4035: result: yes
configure:4035: checking sys/time.h presence
configure:4035: gcc -E  conftest.c
configure:4035: $? = 0
configure:4035: result: yes
configure:4035: checking for sys/time.h
configure:4035: result: yes
configure:4035: checking for unistd.h
configure:4035: result: yes
configure:4035: checking wchar.h usability
configure:4035: gcc -c -g -O2  conftest.c >&5
configure:4035: $? = 0
configure:4035: result: yes
configure:4035: checking wchar.h presence
configure:4035: gcc -E  conftest.c
configure:4035: $? = 0
configure:4035: result: yes
configure:4035: checking for wchar.h
configure:4035: result: yes
configure:4035: checking stdbool.h usability
configure:4035: gcc -c -g -O2  conftest.c >&5
configure:4035: $? = 0
configure:4035: result: yes
configure:4035: checking stdbool.h presence
configure:4035: gcc -E  conftest.c
configure:4035: $? = 0
configure:4035: result: yes
configure:4035: checking for stdbool.h
configure:4035: result: yes
configure:4047: checking for an ANSI C-conforming const
configure:4112: gcc -c -g -O2  conftest.c >&5
configure:4112: $? = 0
configure:4119: result: yes
configure:4127: checking for inline
configure:4143: gcc -c -g -O2  conftest.c >&5
configure:4143: $? = 0
configure:4151: result: inline
configure:4169: checking whether time.h and sys/time.h may both be included
configure:4189: gcc -c -g -O2  conftest.c >&5
configure:4189: $? = 0
configure:4196: result: yes
configure:4206: checking for working memcmp
configure:4249: gcc -o conftest -g -O2   conftest.c  >&5
configure:4249: $? = 0
configure:4249: ./conftest
configure:4249: $? = 0
configure:4259: result: yes
configure:4271: checking for mkdir
configure:4271: gcc -o conftest -g -O2   conftest.c  >&5
configure:4271: $? = 0
configure:4271: result: yes
configure:4271: checking for select
configure:4271: gcc -o conftest -g -O2   conftest.c  >&5
configure:4271: $? = 0
configure:4271: result: yes
configure:4271: checking for socket
configure:4271: gcc -o conftest -g -O2   conftest.c  >&5
configure:4271: $? = 0
configure:4271: result: yes
configure:4271: checking for __sysv_signal
configure:4271: gcc -o conftest -g -O2   conftest.c  >&5
configure:4271: $? = 0
configure:4271: result: yes
configure:4283: checking for real definition of size_t
configure:4300: gcc -c -g -O2  conftest.c >&5
conftest.c:38:8: error: conflicting types for 'foo'
conftest.c:37:5: note: previous declaration of 'foo' was here
configure:4300: $? = 1
configure: failed program was:
| /* confdefs.h */
| #define PACKAGE_NAME ""
| #define PACKAGE_TARNAME ""
| #define PACKAGE_VERSION ""
| #define PACKAGE_STRING ""
| #define PACKAGE_BUGREPORT ""
| #define PACKAGE_URL ""
| #define STDC_HEADERS 1
| #define HAVE_SYS_TYPES_H 1
| #define HAVE_SYS_STAT_H 1
| #define HAVE_STDLIB_H 1
| #define HAVE_STRING_H 1
| #define HAVE_MEMORY_H 1
| #define HAVE_STRINGS_H 1
| #define HAVE_INTTYPES_H 1
| #define HAVE_STDINT_H 1
| #define HAVE_UNISTD_H 1
| #define STDC_HEADERS 1
| #define HAVE_STDLIB_H 1
| #define HAVE_STRINGS_H 1
| #define HAVE_SYS_TIME_H 1
| #define HAVE_UNISTD_H 1
| #define HAVE_WCHAR_H 1
| #define HAVE_STDBOOL_H 1
| #define TIME_WITH_SYS_TIME 1
| #define HAVE_MKDIR 1
| #define HAVE_SELECT 1
| #define HAVE_SOCKET 1
| #define HAVE___SYSV_SIGNAL 1
| /* end confdefs.h.  */
| 
| #include <stddef.h>
| #include <wchar.h>
| /* We define a prototype with one type and the function with
|    another type.  This will result in compilation error
|    unless the types are really identical. */
| int foo(int x);
| size_t foo(size_t x) { return x; }
configure:4319: gcc -c -g -O2  conftest.c >&5
conftest.c:38:8: error: conflicting types for 'foo'
conftest.c:37:14: note: previous declaration of 'foo' was here
configure:4319: $? = 1
configure: failed program was:
| /* confdefs.h */
| #define PACKAGE_NAME ""
| #define PACKAGE_TARNAME ""
| #define PACKAGE_VERSION ""
| #define PACKAGE_STRING ""
| #define PACKAGE_BUGREPORT ""
| #define PACKAGE_URL ""
| #define STDC_HEADERS 1
| #define HAVE_SYS_TYPES_H 1
| #define HAVE_SYS_STAT_H 1
| #define HAVE_STDLIB_H 1
| #define HAVE_STRING_H 1
| #define HAVE_MEMORY_H 1
| #define HAVE_STRINGS_H 1
| #define HAVE_INTTYPES_H 1
| #define HAVE_STDINT_H 1
| #define HAVE_UNISTD_H 1
| #define STDC_HEADERS 1
| #define HAVE_STDLIB_H 1
| #define HAVE_STRINGS_H 1
| #define HAVE_SYS_TIME_H 1
| #define HAVE_UNISTD_H 1
| #define HAVE_WCHAR_H 1
| #define HAVE_STDBOOL_H 1
| #define TIME_WITH_SYS_TIME 1
| #define HAVE_MKDIR 1
| #define HAVE_SELECT 1
| #define HAVE_SOCKET 1
| #define HAVE___SYSV_SIGNAL 1
| /* end confdefs.h.  */
| 
| #include <stddef.h>
| #include <wchar.h>
| /* We define a prototype with one type and the function with
|    another type.  This will result in compilation error
|    unless the types are really identical. */
| unsigned int foo(unsigned int x);
| size_t foo(size_t x) { return x; }
configure:4340: gcc -c -g -O2  conftest.c >&5
conftest.c:38:8: error: conflicting types for 'foo'
conftest.c:37:6: note: previous declaration of 'foo' was here
configure:4340: $? = 1
configure: failed program was:
| /* confdefs.h */
| #define PACKAGE_NAME ""
| #define PACKAGE_TARNAME ""
| #define PACKAGE_VERSION ""
| #define PACKAGE_STRING ""
| #define PACKAGE_BUGREPORT ""
| #define PACKAGE_URL ""
| #define STDC_HEADERS 1
| #define HAVE_SYS_TYPES_H 1
| #define HAVE_SYS_STAT_H 1
| #define HAVE_STDLIB_H 1
| #define HAVE_STRING_H 1
| #define HAVE_MEMORY_H 1
| #define HAVE_STRINGS_H 1
| #define HAVE_INTTYPES_H 1
| #define HAVE_STDINT_H 1
| #define HAVE_UNISTD_H 1
| #define STDC_HEADERS 1
| #define HAVE_STDLIB_H 1
| #define HAVE_STRINGS_H 1
| #define HAVE_SYS_TIME_H 1
| #define HAVE_UNISTD_H 1
| #define HAVE_WCHAR_H 1
| #define HAVE_STDBOOL_H 1
| #define TIME_WITH_SYS_TIME 1
| #define HAVE_MKDIR 1
| #define HAVE_SELECT 1
| #define HAVE_SOCKET 1
| #define HAVE___SYSV_SIGNAL 1
| /* end confdefs.h.  */
| 
| #include <stddef.h>
| #include <wchar.h>
| /* We define a prototype with one type and the function with
|    another type.  This will result in compilation error
|    unless the types are really identical. */
| long foo(long x);
| size_t foo(size_t x) { return x; }
configure:4359: gcc -c -g -O2  conftest.c >&5
configure:4359: $? = 0
configure:4454: result: unsigned long
configure:4458: checking for real definition of wchar_t
configure:4475: gcc -c -g -O2  conftest.c >&5
configure:4475: $? = 0
configure:4629: result: int
configure:4639: result: configuring for linux/x86
configure:4851: checking obj/x86_LINUX and related files
configure:4861: result: done
configure:4912: checking whether to use CIL feature blockinggraph
configure:4919: result: no
configure:4912: checking whether to use CIL feature zrapp
configure:4919: result: no
configure:4912: checking whether to use CIL feature llvm
configure:4919: result: no
configure:5171: creating ./config.status

## ---------------------- ##
## Running config.status. ##
## ---------------------- ##

This file was extended by config.status, which was
generated by GNU Autoconf 2.68.  Invocation command line was

  CONFIG_FILES    = 
  CONFIG_HEADERS  = 
  CONFIG_LINKS    = 
  CONFIG_COMMANDS = 
  $ ./config.status 

on aziem-ThinkPad-X200s

config.status:867: creating Makefile
config.status:867: creating META
config.status:867: creating config.mk
config.status:867: creating bin/cilly.bat
config.status:867: creating bin/patcher.bat
config.status:867: creating bin/CilConfig.pm
config.status:867: creating doc/index.html
config.status:867: creating doc/header.html
config.status:867: creating test/llvm/Makefile
config.status:867: creating src/machdep-ml.c
config.status:867: creating config.h
config.status:1042: config.h is unchanged

## ---------------- ##
## Cache variables. ##
## ---------------- ##

ac_cv_build=x86_64-unknown-linux-gnu
ac_cv_c_compiler_gnu=yes
ac_cv_c_const=yes
ac_cv_c_inline=inline
ac_cv_env_CC_set=
ac_cv_env_CC_value=
ac_cv_env_CFLAGS_set=
ac_cv_env_CFLAGS_value=
ac_cv_env_CPPFLAGS_set=
ac_cv_env_CPPFLAGS_value=
ac_cv_env_CPP_set=
ac_cv_env_CPP_value=
ac_cv_env_LDFLAGS_set=
ac_cv_env_LDFLAGS_value=
ac_cv_env_LIBS_set=
ac_cv_env_LIBS_value=
ac_cv_env_build_alias_set=
ac_cv_env_build_alias_value=
ac_cv_env_host_alias_set=
ac_cv_env_host_alias_value=
ac_cv_env_target_alias_set=
ac_cv_env_target_alias_value=
ac_cv_func___sysv_signal=yes
ac_cv_func_memcmp_working=yes
ac_cv_func_mkdir=yes
ac_cv_func_select=yes
ac_cv_func_socket=yes
ac_cv_header_inttypes_h=yes
ac_cv_header_memory_h=yes
ac_cv_header_stdbool_h=yes
ac_cv_header_stdc=yes
ac_cv_header_stdint_h=yes
ac_cv_header_stdlib_h=yes
ac_cv_header_string_h=yes
ac_cv_header_strings_h=yes
ac_cv_header_sys_stat_h=yes
ac_cv_header_sys_time_h=yes
ac_cv_header_sys_types_h=yes
ac_cv_header_time=yes
ac_cv_header_unistd_h=yes
ac_cv_header_wchar_h=yes
ac_cv_host=x86_64-unknown-linux-gnu
ac_cv_objext=o
ac_cv_path_EGREP='/bin/grep -E'
ac_cv_path_GREP=/bin/grep
ac_cv_path_install='/usr/bin/install -c'
ac_cv_prog_CPP='gcc -E'
ac_cv_prog_ac_ct_CC=gcc
ac_cv_prog_cc_c89=
ac_cv_prog_cc_g=yes
ac_cv_target=x86_64-unknown-linux-gnu
ac_cv_type___builtin_va_list=yes

## ----------------- ##
## Output variables. ##
## ----------------- ##

ARCHOS='x86_LINUX'
CC='gcc'
CFLAGS='-g -O2'
CILHOME='/home/aziem/work/qm/esop-tool/cil'
CIL_VERSION='1.4.0'
CIL_VERSION_MAJOR='1'
CIL_VERSION_MINOR='4'
CIL_VERSION_REV='0'
CPP='gcc -E'
CPPFLAGS=''
CYCLES_PER_USEC=''
DEFAULT_CIL_MODE='GNUCC'
DEFAULT_COMPILER='_GNUCC'
DEFS='-DHAVE_CONFIG_H'
ECHO_C=''
ECHO_N='-n'
ECHO_T=''
EGREP='/bin/grep -E'
EMUL=''
EXEEXT=''
EXTRAFEATURES=''
EXTRASRCDIRS=''
FLEXLINK=''
GREP='/bin/grep'
HAS_MSVC='no'
HAVE_BUILTIN_VA_LIST='true'
INSTALL_DATA='${INSTALL} -m 644'
INSTALL_PROGRAM='${INSTALL}'
INSTALL_SCRIPT='${INSTALL}'
LDFLAGS=''
LIBOBJS=''
LIBS=''
LTLIBOBJS=''
MINGW=''
OBJEXT='o'
PACKAGE_BUGREPORT=''
PACKAGE_NAME=''
PACKAGE_STRING=''
PACKAGE_TARNAME=''
PACKAGE_URL=''
PACKAGE_VERSION=''
PATH_SEPARATOR=':'
SHELL='/bin/bash'
THREAD_IS_KEYWORD='true'
UNDERSCORE_NAME='false'
ac_ct_CC='gcc'
bindir='${exec_prefix}/bin'
build='x86_64-unknown-linux-gnu'
build_alias=''
build_cpu='x86_64'
build_os='linux-gnu'
build_vendor='unknown'
datadir='${datarootdir}'
datarootdir='${prefix}/share'
docdir='${datarootdir}/doc/${PACKAGE}'
dvidir='${docdir}'
exec_prefix='${prefix}'
host='x86_64-unknown-linux-gnu'
host_alias=''
host_cpu='x86_64'
host_os='linux-gnu'
host_vendor='unknown'
htmldir='${docdir}'
includedir='${prefix}/include'
infodir='${datarootdir}/info'
libdir='${exec_prefix}/lib'
libexecdir='${exec_prefix}/libexec'
localedir='${datarootdir}/locale'
localstatedir='${prefix}/var'
mandir='${datarootdir}/man'
oldincludedir='/usr/include'
pdfdir='${docdir}'
prefix='/usr/local'
program_transform_name='s,x,x,'
psdir='${docdir}'
sbindir='${exec_prefix}/sbin'
sharedstatedir='${prefix}/com'
sysconfdir='${prefix}/etc'
target='x86_64-unknown-linux-gnu'
target_alias=''
target_cpu='x86_64'
target_os='linux-gnu'
target_vendor='unknown'

## ----------- ##
## confdefs.h. ##
## ----------- ##

/* confdefs.h */
#define PACKAGE_NAME ""
#define PACKAGE_TARNAME ""
#define PACKAGE_VERSION ""
#define PACKAGE_STRING ""
#define PACKAGE_BUGREPORT ""
#define PACKAGE_URL ""
#define STDC_HEADERS 1
#define HAVE_SYS_TYPES_H 1
#define HAVE_SYS_STAT_H 1
#define HAVE_STDLIB_H 1
#define HAVE_STRING_H 1
#define HAVE_MEMORY_H 1
#define HAVE_STRINGS_H 1
#define HAVE_INTTYPES_H 1
#define HAVE_STDINT_H 1
#define HAVE_UNISTD_H 1
#define STDC_HEADERS 1
#define HAVE_STDLIB_H 1
#define HAVE_STRINGS_H 1
#define HAVE_SYS_TIME_H 1
#define HAVE_UNISTD_H 1
#define HAVE_WCHAR_H 1
#define HAVE_STDBOOL_H 1
#define TIME_WITH_SYS_TIME 1
#define HAVE_MKDIR 1
#define HAVE_SELECT 1
#define HAVE_SOCKET 1
#define HAVE___SYSV_SIGNAL 1
#define TYPE_SIZE_T "unsigned long"
#define TYPE_WCHAR_T "int"

configure: exit 0

## ---------------------- ##
## Running config.status. ##
## ---------------------- ##

This file was extended by config.status, which was
generated by GNU Autoconf 2.68.  Invocation command line was

  CONFIG_FILES    = 
  CONFIG_HEADERS  = 
  CONFIG_LINKS    = 
  CONFIG_COMMANDS = 
  $ ./config.status --file=obj/x86_LINUX/cilversion.ml:src/cilversion.ml.in

on aziem-ThinkPad-X200s

config.status:867: creating obj/x86_LINUX/cilversion.ml
